<?xml version="1.0" encoding="UTF-8"?>
<!-- Generated by org.testng.reporters.JUnitReportReporter -->
<testsuite skipped="0" hostname="SDF4110IPM096" name="com.inetbanking.testCases.TC_AddCustomeTest_003" tests="1" failures="0" timestamp="12 Jun 2019 05:46:02 GMT" time="23.919" errors="0">
  <testcase name="addNewCustomer" time="23.919" classname="com.inetbanking.testCases.TC_AddCustomeTest_003"/>
</testsuite> <!-- com.inetbanking.testCases.TC_AddCustomeTest_003 -->
