<?xml version="1.0" encoding="UTF-8"?>
<!-- Generated by org.testng.reporters.JUnitReportReporter -->
<testsuite skipped="0" hostname="SDF4110IPM096" name="com.inetbanking.testCases.TC_LoginTest_001" tests="1" failures="0" timestamp="12 Jun 2019 05:46:02 GMT" time="4.296" errors="0">
  <testcase name="loginTest" time="4.296" classname="com.inetbanking.testCases.TC_LoginTest_001"/>
</testsuite> <!-- com.inetbanking.testCases.TC_LoginTest_001 -->
