<?xml version="1.0" encoding="UTF-8"?>
<!-- Generated by org.testng.reporters.JUnitReportReporter -->
<testsuite skipped="0" hostname="SDF4110IPM096" name="com.inetbanking.testCases.TC_AddCustomeTest_003" tests="1" failures="0" timestamp="13 Jun 2019 09:29:36 GMT" time="32.060" errors="0">
  <testcase name="addNewCustomer" time="32.060" classname="com.inetbanking.testCases.TC_AddCustomeTest_003"/>
</testsuite> <!-- com.inetbanking.testCases.TC_AddCustomeTest_003 -->
