<?xml version="1.0" encoding="UTF-8"?>
<!-- Generated by org.testng.reporters.JUnitReportReporter -->
<testsuite skipped="0" hostname="SDF4110IPM096" name="com.inetbanking.testCases.TC_LoginTest_001" tests="1" failures="0" timestamp="13 Jun 2019 09:29:36 GMT" time="8.737" errors="0">
  <testcase name="loginTest" time="8.737" classname="com.inetbanking.testCases.TC_LoginTest_001"/>
</testsuite> <!-- com.inetbanking.testCases.TC_LoginTest_001 -->
